<?xml version="1.0" encoding="UTF-8"?>
<!-- Generated by org.testng.reporters.JUnitReportReporter -->
<testsuite hostname="Akeem" failures="0" tests="1" name="module5.NewTest" time="5.072" errors="0" timestamp="2023-02-08T17:56:31 CST" skipped="0">
  <testcase classname="module5.NewTest" name="signup" time="5.072"/>
  <system-out/>
</testsuite> <!-- module5.NewTest -->
