<?xml version="1.0" encoding="UTF-8"?>
<!-- Generated by org.testng.reporters.JUnitReportReporter -->
<testsuite hostname="Akeem" failures="0" tests="4" name="module5.confirmsignup" time="5.717" errors="0" timestamp="2023-03-12T22:11:05 CDT" skipped="0">
  <testcase classname="module5.confirmsignup" name="OpenBrowser" time="3.222"/>
  <system-out/>
  <testcase classname="module5.confirmsignup" name="OpenUrl" time="1.244"/>
  <system-out/>
  <testcase classname="module5.confirmsignup" name="SignUpFill" time="0.965"/>
  <system-out/>
  <testcase classname="module5.confirmsignup" name="close" time="0.286"/>
  <system-out/>
</testsuite> <!-- module5.confirmsignup -->
