<?xml version="1.0" encoding="UTF-8"?>
<!-- Generated by org.testng.reporters.JUnitReportReporter -->
<testsuite hostname="Akeem" failures="0" tests="1" name="module5.parameterization" time="5.057" errors="0" timestamp="2023-01-03T03:09:45 CST" skipped="0">
  <testcase classname="module5.parameterization" name="signup" time="5.057"/>
  <system-out/>
</testsuite> <!-- module5.parameterization -->
