<?xml version="1.0" encoding="UTF-8"?>
<!-- Generated by org.testng.reporters.JUnitReportReporter -->
<testsuite hostname="Akeem" failures="0" tests="4" name="module5.Jwlogin2" time="43.073" errors="0" timestamp="2023-01-12T02:37:49 CST" skipped="0">
  <testcase classname="module5.Jwlogin2" name="openBroswer" time="2.127"/>
  <system-out/>
  <testcase classname="module5.Jwlogin2" name="openURL" time="15.358"/>
  <system-out/>
  <testcase classname="module5.Jwlogin2" name="engageURL" time="25.168"/>
  <system-out/>
  <testcase classname="module5.Jwlogin2" name="closeBrowser" time="0.420"/>
  <system-out/>
</testsuite> <!-- module5.Jwlogin2 -->
